[safacil.com/index.html]
[safacil.com/public/favicon/logo16.png]
[safacil.com/public/favicon/logo32.png]
[safacil.com/public/favicon/logo180.png]
[safacil.com/public/favicon/logo192.png]
[safacil.com/public/favicon/logo512.png]
[backblue.gif]
[fade.gif]
[index.html]
[safacil.com/signin.html]
[safacil.com/login.html]
[safacil.com/views/condcard.html]
[safacil.com/index.html]
[safacil.com/signin.html]
[safacil.com/indexc695.html]
[safacil.com/indexa958.html]
[safacil.com/customerservice]
[safacil.com/login.html]
[safacil.com/views/condcard.html]
[safacil.com/indexc695.html]
[safacil.com/public/images/safacil.png]
[safacil.com/indexa958.html]
[safacil.com/customerservice.html]
[safacil.com/p2p.html]
[safacil.com/safacilpay.html]
[safacil.com/wallet.html]
[safacil.com/customerservice.html]
[safacil.com/p2p.html]
[safacil.com/safacilpay.html]
[safacil.com/wallet.html]
